<?xml version="1.0" encoding="UTF-8"?>
<testsuite name="com.choucair.runners.ChoucairRunners" tests="0" skipped="0" failures="0" errors="0" timestamp="1970-01-01T00:00:00" hostname="22LAP5CD1346NJJ" time="0.0">
  <properties/>
  <system-out><![CDATA[17:08:30.048 [Test worker] DEBUG net.thucydides.core.util.PropertiesFileLocalPreferences - LOADING LOCAL PROPERTIES FROM C:\Users\SoporteTI\Documents\P2\prueba\serenity.properties 
17:08:30.368 [Test worker] DEBUG net.thucydides.core.util.PropertiesFileLocalPreferences - LOADING LOCAL PROPERTIES FROM C:\Users\SoporteTI\Documents\P2\prueba\serenity.properties 
17:08:30.371 [Test worker] DEBUG net.thucydides.core.util.PropertiesFileLocalPreferences - LOADING LOCAL PROPERTIES FROM C:\Users\SoporteTI\Documents\P2\prueba\serenity.properties 
17:08:30.402 [Test worker] DEBUG net.thucydides.core.util.PropertiesFileLocalPreferences - webdriver.driver=chrome
17:08:30.403 [Test worker] DEBUG net.thucydides.core.util.PropertiesFileLocalPreferences - chrome.capabilities.incognito=false
17:08:30.403 [Test worker] DEBUG net.thucydides.core.util.PropertiesFileLocalPreferences - webdriver.chrome.driver=src/test/resources/drivers/chromedriver.exe
17:08:30.403 [Test worker] DEBUG net.thucydides.core.util.PropertiesFileLocalPreferences - chrome.capabilities.acceptSslCerts=true
17:08:30.404 [Test worker] DEBUG net.thucydides.core.util.PropertiesFileLocalPreferences - serenity.console.colors=true
17:08:30.404 [Test worker] DEBUG net.thucydides.core.util.PropertiesFileLocalPreferences - webdriver.base.url=https://www.choucairtesting.com/
17:08:30.405 [Test worker] DEBUG net.thucydides.core.util.PropertiesFileLocalPreferences - serenity.project.name=Dojo Serenity / Cucumber
17:08:30.405 [Test worker] DEBUG net.thucydides.core.util.PropertiesFileLocalPreferences - webdriver.wait.for.timeout=6000
17:08:30.406 [Test worker] DEBUG net.thucydides.core.util.PropertiesFileLocalPreferences - serenity.use.unique.browser=true
17:08:30.406 [Test worker] DEBUG net.thucydides.core.util.PropertiesFileLocalPreferences - webdriver.timeouts.implicitlywait=20000
17:08:30.406 [Test worker] DEBUG net.thucydides.core.util.PropertiesFileLocalPreferences - serenity.browser.maximized=true
17:08:31.309 [Test worker] DEBUG net.thucydides.core.util.PropertiesFileLocalPreferences - LOADING LOCAL PROPERTIES FROM C:\Users\SoporteTI\Documents\P2\prueba\serenity.properties 
17:08:31.503 [Test worker] DEBUG net.thucydides.core.util.PropertiesFileLocalPreferences - LOADING LOCAL PROPERTIES FROM C:\Users\SoporteTI\Documents\P2\prueba\serenity.properties 
17:08:31.505 [Test worker] DEBUG net.thucydides.core.util.PropertiesFileLocalPreferences - LOADING LOCAL PROPERTIES FROM C:\Users\SoporteTI\Documents\P2\prueba\serenity.properties 
17:08:31.507 [Test worker] DEBUG net.thucydides.core.util.PropertiesFileLocalPreferences - webdriver.driver=chrome
17:08:31.507 [Test worker] DEBUG net.thucydides.core.util.PropertiesFileLocalPreferences - chrome.capabilities.incognito=false
17:08:31.507 [Test worker] DEBUG net.thucydides.core.util.PropertiesFileLocalPreferences - webdriver.chrome.driver=src/test/resources/drivers/chromedriver.exe
17:08:31.507 [Test worker] DEBUG net.thucydides.core.util.PropertiesFileLocalPreferences - chrome.capabilities.acceptSslCerts=true
17:08:31.507 [Test worker] DEBUG net.thucydides.core.util.PropertiesFileLocalPreferences - serenity.console.colors=true
17:08:31.508 [Test worker] DEBUG net.thucydides.core.util.PropertiesFileLocalPreferences - webdriver.base.url=https://www.choucairtesting.com/
17:08:31.508 [Test worker] DEBUG net.thucydides.core.util.PropertiesFileLocalPreferences - serenity.project.name=Dojo Serenity / Cucumber
17:08:31.508 [Test worker] DEBUG net.thucydides.core.util.PropertiesFileLocalPreferences - webdriver.wait.for.timeout=6000
17:08:31.508 [Test worker] DEBUG net.thucydides.core.util.PropertiesFileLocalPreferences - serenity.use.unique.browser=true
17:08:31.509 [Test worker] DEBUG net.thucydides.core.util.PropertiesFileLocalPreferences - webdriver.timeouts.implicitlywait=20000
17:08:31.509 [Test worker] DEBUG net.thucydides.core.util.PropertiesFileLocalPreferences - serenity.browser.maximized=true
17:08:31.523 [Test worker] INFO net.thucydides.core.steps.ConsoleLoggingListener - ?[96m

-------------------------------------------------------------------------------------
     _______. _______ .______       _______ .__   __.  __  .___________.____    ____ 
    /       ||   ____||   _  \     |   ____||  \ |  | |  | |           |\   \  /   / 
   |   (----`|  |__   |  |_)  |    |  |__   |   \|  | |  | `---|  |----` \   \/   /  
    \   \    |   __|  |      /     |   __|  |  . `  | |  |     |  |       \_    _/   
.----)   |   |  |____ |  |\  \----.|  |____ |  |\   | |  |     |  |         |  |     
|_______/    |_______|| _| `._____||_______||__| \__| |__|     |__|         |__|    
                                                                                     
 News and tutorials at http://www.serenity-bdd.info                                  
 Documentation at https://wakaleo.gitbooks.io/the-serenity-book/content/             
 Join the Serenity Community on Rocket Chat at https://serenity-bdd.rocket.chat      
 Serenity BDD Support and Training at http://serenity-bdd.info/#/trainingandsupport  
 Learn Serenity BDD online at http://serenity-dojo.com                               
-------------------------------------------------------------------------------------
?[0m
17:08:31.532 [Test worker] DEBUG net.thucydides.core.steps.StepEventBus - Test suite started for story net.thucydides.core.model.Story@58f43d70
17:08:31.535 [Test worker] INFO net.thucydides.core.steps.ConsoleLoggingListener - Test Suite Started: Deberia ver las diferentes ofertas laborales en la pagina dw Choucair
17:08:31.668 [Test worker] INFO net.thucydides.core.steps.ConsoleLoggingListener - 
 _____ _____ ____ _____   ____ _____  _    ____ _____ _____ ____  
|_   _| ____/ ___|_   _| / ___|_   _|/ \  |  _ \_   _| ____|  _ \ 
  | | |  _| \___ \ | |   \___ \ | | / _ \ | |_) || | |  _| | | | |
  | | | |___ ___) || |    ___) || |/ ___ \|  _ < | | | |___| |_| |
  |_| |_____|____/ |_|   |____/ |_/_/   \_\_| \_\|_| |_____|____/ 
                                                                  

TEST STARTED: El usuario despues de iniciar sesion deberia poder visualizar las diferentes vacantes en la pagina de Choucair.
-------------------------------------------------------------------(deberia-ver-las-diferentes-ofertas-laborales-en-la-pagina-dw-choucair;el-usuario-despues-de-iniciar-sesion-deberia-poder-visualizar-las-diferentes-vacantes-en-la-pagina-de-choucair.)
17:09:59.469 [Test worker] DEBUG net.thucydides.core.reports.ReportService - Reporting formats: [JSON, HTML]
17:09:59.651 [Test worker] DEBUG net.thucydides.core.reports.ReportService - Reporting formats: [JSON, HTML]
17:09:59.681 [Test worker] DEBUG net.thucydides.core.reports.ReportService - Generating reports for 1 test outcomes using: net.thucydides.core.reports.json.JSONTestOutcomeReporter@11c56b5b
17:09:59.686 [pool-1-thread-1] DEBUG net.thucydides.core.reports.ReportService - Processing test outcome Deberia ver las diferentes ofertas laborales en la pagina dw Choucair:El usuario despues de iniciar sesion deberia poder visualizar las diferentes vacantes en la pagina de Choucair.
17:09:59.687 [pool-1-thread-1] DEBUG net.thucydides.core.reports.ReportService - net.thucydides.core.reports.json.JSONTestOutcomeReporter@11c56b5b: Generating report for test outcome: Deberia ver las diferentes ofertas laborales en la pagina dw Choucair:El usuario despues de iniciar sesion deberia poder visualizar las diferentes vacantes en la pagina de Choucair.
17:09:59.699 [pool-1-thread-1] DEBUG net.thucydides.core.reports.json.JSONTestOutcomeReporter - Generating JSON report for El usuario despues de iniciar sesion deberia poder visualizar las diferentes vacantes en la pagina de Choucair. to file C:\Users\SoporteTI\Documents\P2\prueba\target\site\serenity\b23df58d69796ff2ed68d546b0a2b94d2eb2a9b129a3a4cb7ccd2aae7423132f.json (using temp file C:\Users\SoporteTI\Documents\P2\prueba\target\site\serenity\b23df58d69796ff2ed68d546b0a2b94d2eb2a9b129a3a4cb7ccd2aae7423132f.json912164f7-94e8-419a-9cd7-591c6101beef)
17:09:59.849 [pool-1-thread-1] DEBUG net.thucydides.core.reports.ReportService - Processing test outcome Deberia ver las diferentes ofertas laborales en la pagina dw Choucair:El usuario despues de iniciar sesion deberia poder visualizar las diferentes vacantes en la pagina de Choucair. done
17:09:59.849 [Test worker] DEBUG net.thucydides.core.reports.ReportService - Shutting down executor service
17:09:59.850 [Test worker] DEBUG net.thucydides.core.reports.ReportService - Reports generated in: 168 ms
17:09:59.851 [Test worker] DEBUG net.thucydides.core.reports.ReportService - Generating reports for 1 test outcomes using: net.thucydides.core.reports.html.HtmlAcceptanceTestReporter@2541895b
17:09:59.852 [pool-2-thread-1] DEBUG net.thucydides.core.reports.ReportService - Processing test outcome Deberia ver las diferentes ofertas laborales en la pagina dw Choucair:El usuario despues de iniciar sesion deberia poder visualizar las diferentes vacantes en la pagina de Choucair.
17:09:59.853 [pool-2-thread-1] DEBUG net.thucydides.core.reports.ReportService - net.thucydides.core.reports.html.HtmlAcceptanceTestReporter@2541895b: Generating report for test outcome: Deberia ver las diferentes ofertas laborales en la pagina dw Choucair:El usuario despues de iniciar sesion deberia poder visualizar las diferentes vacantes en la pagina de Choucair.
17:09:59.855 [pool-2-thread-1] DEBUG net.thucydides.core.reports.html.HtmlAcceptanceTestReporter - GENERATE TEST OUTCOME REPORT FOR El usuario despues de iniciar sesion deberia poder visualizar las diferentes vacantes en la pagina de Choucair. in b23df58d69796ff2ed68d546b0a2b94d2eb2a9b129a3a4cb7ccd2aae7423132f
17:09:59.896 [pool-2-thread-1] DEBUG net.thucydides.core.requirements.RequirementsTagProvider -  found:[]
17:09:59.910 [pool-2-thread-1] DEBUG net.thucydides.core.requirements.RequirementsTagProvider -  found:[]
17:09:59.977 [pool-2-thread-1] DEBUG net.thucydides.core.requirements.RequirementsTagProvider -  found:[]
17:09:59.978 [pool-2-thread-1] DEBUG net.thucydides.core.requirements.RequirementsTagProvider -  found:[]
17:10:00.312 [pool-2-thread-1] DEBUG net.thucydides.core.reports.html.HtmlAcceptanceTestReporter - Generating report in b23df58d69796ff2ed68d546b0a2b94d2eb2a9b129a3a4cb7ccd2aae7423132f_screenshots.html
17:10:01.190 [pool-2-thread-1] DEBUG net.thucydides.core.reports.html.HtmlAcceptanceTestReporter - Generated report b23df58d69796ff2ed68d546b0a2b94d2eb2a9b129a3a4cb7ccd2aae7423132f_screenshots.html in 878 ms
17:10:01.194 [pool-2-thread-1] DEBUG net.thucydides.core.reports.html.HtmlAcceptanceTestReporter - GENERATING HTML REPORT FOR Deberia ver las diferentes ofertas laborales en la pagina dw Choucair:El usuario despues de iniciar sesion deberia poder visualizar las diferentes vacantes en la pagina de Choucair. in b23df58d69796ff2ed68d546b0a2b94d2eb2a9b129a3a4cb7ccd2aae7423132f.html in directory C:\Users\SoporteTI\Documents\P2\prueba\target\site\serenity  
17:10:01.202 [pool-2-thread-1] DEBUG net.thucydides.core.reports.html.HtmlAcceptanceTestReporter - Generating report in b23df58d69796ff2ed68d546b0a2b94d2eb2a9b129a3a4cb7ccd2aae7423132f.html
17:10:01.307 [pool-2-thread-1] DEBUG net.thucydides.core.requirements.RequirementsTagProvider -  found:[]
17:10:01.464 [pool-2-thread-1] DEBUG net.thucydides.core.reports.html.HtmlAcceptanceTestReporter - Generated report b23df58d69796ff2ed68d546b0a2b94d2eb2a9b129a3a4cb7ccd2aae7423132f.html in 262 ms
17:10:01.465 [pool-2-thread-1] DEBUG net.thucydides.core.reports.ReportService - Processing test outcome Deberia ver las diferentes ofertas laborales en la pagina dw Choucair:El usuario despues de iniciar sesion deberia poder visualizar las diferentes vacantes en la pagina de Choucair. done
17:10:01.465 [Test worker] DEBUG net.thucydides.core.reports.ReportService - Shutting down executor service
17:10:01.465 [Test worker] DEBUG net.thucydides.core.reports.ReportService - Reports generated in: 1614 ms
17:10:01.881 [Test worker] DEBUG net.serenitybdd.core.photography.Darkroom - Closing darkroom
17:10:01.881 [Darkroom Processing Line] DEBUG net.serenitybdd.core.photography.DarkroomProcessingLine - Darkroom processing line shutting down

1 Scenarios (?[32m1 passed?[0m)
3 Steps (?[32m3 passed?[0m)
1m28,559s

]]></system-out>
  <system-err><![CDATA[]]></system-err>
</testsuite>
