<?xml version="1.0" encoding="UTF-8"?>
<testsuite name="Deberia ver las diferentes ofertas laborales en la pagina dw Choucair" tests="1" skipped="0" failures="0" errors="0" timestamp="2022-01-09T22:08:31" hostname="22LAP5CD1346NJJ" time="87.641">
  <properties/>
  <testcase name="El usuario despues de iniciar sesion deberia poder visualizar las diferentes vacantes en la pagina de Choucair." classname="Deberia ver las diferentes ofertas laborales en la pagina dw Choucair" time="87.641"/>
  <system-out><![CDATA[17:08:33.745 [Test worker] INFO net.serenitybdd.core.webdriver.driverproviders.ProvideNewDriver - Instantiating driver
17:08:33.746 [Test worker] INFO net.serenitybdd.core.webdriver.driverproviders.ProvideNewDriver - Driver capabilities: Capabilities {acceptInsecureCerts: false, acceptSslCerts: true, browserName: chrome, goog:chromeOptions: {args: [], extensions: []}, incognito: false, loggingPrefs: org.openqa.selenium.logging..., platform: ANY, version: }
17:09:00.063 [Test worker] DEBUG net.serenitybdd.core.photography.Darkroom - Opening darkroom
17:09:00.065 [Darkroom Processing Line] DEBUG net.serenitybdd.core.photography.DarkroomProcessingLine - Darkroom processing line starting up
17:09:01.368 [Test worker] DEBUG net.serenitybdd.core.photography.Darkroom - Send negative for processing for C:\Users\SoporteTI\Documents\P2\prueba\target\site\serenity\e49d1a5b31bef36e77a653f0b0218ae38a1ab812bcf27566c79929d748b96085.png
17:09:02.547 [Test worker] DEBUG net.serenitybdd.core.photography.Darkroom - Send negative for processing for C:\Users\SoporteTI\Documents\P2\prueba\target\site\serenity\e49d1a5b31bef36e77a653f0b0218ae38a1ab812bcf27566c79929d748b96085.png
17:09:45.423 [Test worker] DEBUG net.serenitybdd.core.photography.Darkroom - Send negative for processing for C:\Users\SoporteTI\Documents\P2\prueba\target\site\serenity\0c4b16ab9c7049cfec41452b131c83bd2b2b4642436c2e12ee0778850b8fe935.png
17:09:56.079 [Test worker] DEBUG net.serenitybdd.core.photography.Darkroom - Send negative for processing for C:\Users\SoporteTI\Documents\P2\prueba\target\site\serenity\2f9f8be4b95c6943a536594f292276b56e4bcbd7b5ced450881bf23d9aced0b9.png
17:09:56.082 [Darkroom Processing Line] DEBUG net.serenitybdd.core.photography.DarkroomProcessingLine - Processing screenshot image in /var/screenshots/screenshot-3181271036764552551
17:09:56.082 [Darkroom Processing Line] DEBUG net.serenitybdd.core.photography.DarkroomProcessingLine - Saving screenshot to C:\Users\SoporteTI\Documents\P2\prueba\target\site\serenity\2f9f8be4b95c6943a536594f292276b56e4bcbd7b5ced450881bf23d9aced0b9.png
17:09:59.455 [Test worker] INFO net.thucydides.core.steps.ConsoleLoggingListener - ?[92m
        __    _____ _____ ____ _____   ____   _    ____  ____  _____ ____  
  _     \ \  |_   _| ____/ ___|_   _| |  _ \ / \  / ___|/ ___|| ____|  _ \ 
 (_)_____| |   | | |  _| \___ \ | |   | |_) / _ \ \___ \\___ \|  _| | | | |
  _|_____| |   | | | |___ ___) || |   |  __/ ___ \ ___) |___) | |___| |_| |
 (_)     | |   |_| |_____|____/ |_|   |_| /_/   \_\____/|____/|_____|____/ 
        /_/                                                                

TEST PASSED: El usuario despues de iniciar sesion deberia poder visualizar las diferentes vacantes en la pagina de Choucair.
----------------------------------------------------------------------------?[0m
]]></system-out>
  <system-err><![CDATA[ene 09, 2022 5:08:32 PM org.openqa.selenium.remote.DesiredCapabilities chrome
INFORMACIÓN: Using `new ChromeOptions()` is preferred to `DesiredCapabilities.chrome()`
Starting ChromeDriver 96.0.4664.45 (76e4c1bb2ab4671b8beba3444e61c0f17584b2fc-refs/branch-heads/4664@{#947}) on port 12190
Only local connections are allowed.
Please see https://chromedriver.chromium.org/security-considerations for suggestions on keeping ChromeDriver safe.
ChromeDriver was started successfully.
ene 09, 2022 5:08:42 PM org.openqa.selenium.remote.ProtocolHandshake createSession
INFORMACIÓN: Detected dialect: W3C
]]></system-err>
</testsuite>
